action: GLOB, msg: packaging
cwd: /home/ornela/my_flask_directory/Dice-with-microservices
cmd: /usr/bin/python setup.py sdist --formats=zip --dist-dir /home/ornela/my_flask_directory/Dice-with-microservices/.tox/dist
running sdist
running egg_info
creating storytellers_monolith.egg-info
writing storytellers_monolith.egg-info/PKG-INFO
writing top-level names to storytellers_monolith.egg-info/top_level.txt
writing dependency_links to storytellers_monolith.egg-info/dependency_links.txt
writing manifest file 'storytellers_monolith.egg-info/SOURCES.txt'
reading manifest file 'storytellers_monolith.egg-info/SOURCES.txt'
writing manifest file 'storytellers_monolith.egg-info/SOURCES.txt'
running check
warning: check: missing required meta-data: url

warning: check: missing meta-data: either (author and author_email) or (maintainer and maintainer_email) must be supplied

creating storytellers-monolith-0.1
creating storytellers-monolith-0.1/storytellers_monolith.egg-info
copying files to storytellers-monolith-0.1...
copying README.md -> storytellers-monolith-0.1
copying setup.py -> storytellers-monolith-0.1
copying storytellers_monolith.egg-info/PKG-INFO -> storytellers-monolith-0.1/storytellers_monolith.egg-info
copying storytellers_monolith.egg-info/SOURCES.txt -> storytellers-monolith-0.1/storytellers_monolith.egg-info
copying storytellers_monolith.egg-info/dependency_links.txt -> storytellers-monolith-0.1/storytellers_monolith.egg-info
copying storytellers_monolith.egg-info/not-zip-safe -> storytellers-monolith-0.1/storytellers_monolith.egg-info
copying storytellers_monolith.egg-info/top_level.txt -> storytellers-monolith-0.1/storytellers_monolith.egg-info
Writing storytellers-monolith-0.1/setup.cfg
creating /home/ornela/my_flask_directory/Dice-with-microservices/.tox/dist
creating '/home/ornela/my_flask_directory/Dice-with-microservices/.tox/dist/storytellers-monolith-0.1.zip' and adding 'storytellers-monolith-0.1' to it
adding 'storytellers-monolith-0.1/setup.cfg'
adding 'storytellers-monolith-0.1/PKG-INFO'
adding 'storytellers-monolith-0.1/setup.py'
adding 'storytellers-monolith-0.1/README.md'
adding 'storytellers-monolith-0.1/storytellers_monolith.egg-info/not-zip-safe'
adding 'storytellers-monolith-0.1/storytellers_monolith.egg-info/SOURCES.txt'
adding 'storytellers-monolith-0.1/storytellers_monolith.egg-info/dependency_links.txt'
adding 'storytellers-monolith-0.1/storytellers_monolith.egg-info/PKG-INFO'
adding 'storytellers-monolith-0.1/storytellers_monolith.egg-info/top_level.txt'
removing 'storytellers-monolith-0.1' (and everything under it)
