action: py36, msg: envreport
cwd: /home/ornela/my_flask_directory/Dice-with-microservices
cmd: /home/ornela/my_flask_directory/Dice-with-microservices/.tox/py36/bin/python -m pip freeze
amqp==2.5.1
atomicwrites==1.3.0
attrs==19.3.0
billiard==3.6.1.0
celery==4.3.0
certifi==2019.9.11
chardet==3.0.4
Click==7.0
coverage==4.5.4
coveralls==1.8.2
docopt==0.6.2
dominate==2.4.0
Flask==1.1.1
Flask-Bootstrap==3.3.7.1
Flask-Login==0.4.1
Flask-SQLAlchemy==2.4.1
Flask-WTF==0.14.2
idna==2.8
importlib-metadata==0.23
itsdangerous==1.1.0
Jinja2==2.10.3
kombu==4.6.5
MarkupSafe==1.1.1
more-itertools==7.2.0
packaging==19.2
pip-tools==4.2.0
pluggy==0.13.0
py==1.8.0
pyparsing==2.4.2
pytest==5.2.2
pytest-cov==2.8.1
pytz==2019.3
redis==3.3.11
requests==2.22.0
six==1.12.0
SQLAlchemy==1.3.10
storytellers-monolith==0.1
urllib3==1.25.6
vine==1.3.0
visitor==0.1.3
wcwidth==0.1.7
Werkzeug==0.16.0
WTForms==2.2.1
zipp==0.6.0
