action: py36, msg: getenv
cwd: /home/ornela/my_flask_directory/Dice-with-microservices
cmd: /home/ornela/my_flask_directory/Dice-with-microservices/.tox/py36/bin/python -m pip install pytest pytest-cov coveralls -rrequirements.txt
Collecting pytest
  Using cached https://files.pythonhosted.org/packages/93/16/f6dec5178f5f4141e80dfc4812a9aba88f5f29ca881f174ab1851181d016/pytest-5.2.2-py3-none-any.whl
Collecting pytest-cov
  Using cached https://files.pythonhosted.org/packages/b9/54/3673ee8be482f81527678ac894276223b9814bb7262e4f730469bb7bf70e/pytest_cov-2.8.1-py2.py3-none-any.whl
Collecting coveralls
  Using cached https://files.pythonhosted.org/packages/b5/6a/bd33b20b03eb8d596e6b7ccfea66ca3b85fadf55ae8e6086091f498fc3d6/coveralls-1.8.2-py2.py3-none-any.whl
Collecting flask
  Using cached https://files.pythonhosted.org/packages/9b/93/628509b8d5dc749656a9641f4caf13540e2cdec85276964ff8f43bbb1d3b/Flask-1.1.1-py2.py3-none-any.whl
Processing /home/ornela/.cache/pip/wheels/39/10/74/d68194e28d5f7a83de5f66e5b2deff5ccbb424fe45e6b0e927/Flask_Login-0.4.1-py2.py3-none-any.whl
Collecting celery
  Using cached https://files.pythonhosted.org/packages/5c/a1/a3dd9d8bfa09156ec2cba37f90accf35c0f4ecc3980d96cb4fb99e56504b/celery-4.3.0-py2.py3-none-any.whl
Collecting redis
  Using cached https://files.pythonhosted.org/packages/32/ae/28613a62eea0d53d3db3147f8715f90da07667e99baeedf1010eb400f8c0/redis-3.3.11-py2.py3-none-any.whl
Collecting flask-wtf
  Using cached https://files.pythonhosted.org/packages/60/3a/58c629472d10539ae5167dc7c1fecfa95dd7d0b7864623931e3776438a24/Flask_WTF-0.14.2-py2.py3-none-any.whl
Collecting flask-sqlalchemy
  Using cached https://files.pythonhosted.org/packages/1e/65/226d95466c75e34e291a76890ed0e27af2e46ab913002847856f11d4d59d/Flask_SQLAlchemy-2.4.1-py2.py3-none-any.whl
Collecting pip-tools
  Using cached https://files.pythonhosted.org/packages/53/aa/d0a0ae1e73eae5662be9df49468f1124f7f3229368a40619ab69eeb54f35/pip_tools-4.2.0-py2.py3-none-any.whl
Processing /home/ornela/.cache/pip/wheels/e8/b9/93/ef6ac3b8ead2d72cbcc042b9d58b613aaf47e533b9dc5b5999/Flask_Bootstrap-3.3.7.1-cp36-none-any.whl
Collecting packaging
  Using cached https://files.pythonhosted.org/packages/cf/94/9672c2d4b126e74c4496c6b3c58a8b51d6419267be9e70660ba23374c875/packaging-19.2-py2.py3-none-any.whl
Collecting pluggy<1.0,>=0.12
  Using cached https://files.pythonhosted.org/packages/92/c7/48439f7d5fd6bddb4c04b850bb862b42e3e2b98570040dfaf68aedd8114b/pluggy-0.13.0-py2.py3-none-any.whl
Collecting attrs>=17.4.0
  Using cached https://files.pythonhosted.org/packages/a2/db/4313ab3be961f7a763066401fb77f7748373b6094076ae2bda2806988af6/attrs-19.3.0-py2.py3-none-any.whl
Collecting wcwidth
  Using cached https://files.pythonhosted.org/packages/7e/9f/526a6947247599b084ee5232e4f9190a38f398d7300d866af3ab571a5bfe/wcwidth-0.1.7-py2.py3-none-any.whl
Collecting more-itertools>=4.0.0
  Using cached https://files.pythonhosted.org/packages/45/dc/3241eef99eb45f1def35cf93af35d1cf9ef4c0991792583b8f33ea41b092/more_itertools-7.2.0-py3-none-any.whl
Collecting py>=1.5.0
  Using cached https://files.pythonhosted.org/packages/76/bc/394ad449851729244a97857ee14d7cba61ddb268dce3db538ba2f2ba1f0f/py-1.8.0-py2.py3-none-any.whl
Collecting importlib-metadata>=0.12; python_version < "3.8"
  Using cached https://files.pythonhosted.org/packages/f6/d2/40b3fa882147719744e6aa50ac39cf7a22a913cbcba86a0371176c425a3b/importlib_metadata-0.23-py2.py3-none-any.whl
Collecting atomicwrites>=1.0
  Using cached https://files.pythonhosted.org/packages/52/90/6155aa926f43f2b2a22b01be7241be3bfd1ceaf7d0b3267213e8127d41f4/atomicwrites-1.3.0-py2.py3-none-any.whl
Collecting coverage>=4.4
  Using cached https://files.pythonhosted.org/packages/51/b1/13609068fff1c8c056f0c4601ad6985cf5c1bbfc529196ab08bd2a57dc39/coverage-4.5.4-cp36-cp36m-manylinux1_x86_64.whl
Collecting requests>=1.0.0
  Using cached https://files.pythonhosted.org/packages/51/bd/23c926cd341ea6b7dd0b2a00aba99ae0f828be89d72b2190f27c11d4b7fb/requests-2.22.0-py2.py3-none-any.whl
Processing /home/ornela/.cache/pip/wheels/9b/04/dd/7daf4150b6d9b12949298737de9431a324d4b797ffd63f526e/docopt-0.6.2-py2.py3-none-any.whl
Collecting click>=5.1
  Using cached https://files.pythonhosted.org/packages/fa/37/45185cb5abbc30d7257104c434fe0b07e5a195a6847506c074527aa599ec/Click-7.0-py2.py3-none-any.whl
Collecting itsdangerous>=0.24
  Using cached https://files.pythonhosted.org/packages/76/ae/44b03b253d6fade317f32c24d100b3b35c2239807046a4c953c7b89fa49e/itsdangerous-1.1.0-py2.py3-none-any.whl
Collecting Jinja2>=2.10.1
  Using cached https://files.pythonhosted.org/packages/65/e0/eb35e762802015cab1ccee04e8a277b03f1d8e53da3ec3106882ec42558b/Jinja2-2.10.3-py2.py3-none-any.whl
Collecting Werkzeug>=0.15
  Using cached https://files.pythonhosted.org/packages/ce/42/3aeda98f96e85fd26180534d36570e4d18108d62ae36f87694b476b83d6f/Werkzeug-0.16.0-py2.py3-none-any.whl
Collecting pytz>dev
  Using cached https://files.pythonhosted.org/packages/e7/f9/f0b53f88060247251bf481fa6ea62cd0d25bf1b11a87888e53ce5b7c8ad2/pytz-2019.3-py2.py3-none-any.whl
Collecting vine>=1.3.0
  Using cached https://files.pythonhosted.org/packages/7f/60/82c03047396126c8331ceb64da1dc52d4f1317209f32e8fe286d0c07365a/vine-1.3.0-py2.py3-none-any.whl
Collecting kombu<5.0,>=4.4.0
  Using cached https://files.pythonhosted.org/packages/42/16/f82ef8692fbd30ea7711e92e1775bb237888f4cef3a0d24dcf33a1968834/kombu-4.6.5-py2.py3-none-any.whl
Collecting billiard<4.0,>=3.6.0
  Using cached https://files.pythonhosted.org/packages/9a/bb/2a016ac912fca48e06ff5a662407f3d1681aa47df97fb19feba7cc931ee1/billiard-3.6.1.0-py3-none-any.whl
Collecting WTForms
  Using cached https://files.pythonhosted.org/packages/9f/c8/dac5dce9908df1d9d48ec0e26e2a250839fa36ea2c602cc4f85ccfeb5c65/WTForms-2.2.1-py2.py3-none-any.whl
Processing /home/ornela/.cache/pip/wheels/4b/b2/89/cd2231ee623987c605f049df55f40a3e4252ef6a15b94836c2/SQLAlchemy-1.3.10-cp36-cp36m-linux_x86_64.whl
Collecting six
  Using cached https://files.pythonhosted.org/packages/73/fb/00a976f728d0d1fecfe898238ce23f502a721c0ac0ecfedb80e0d88c64e9/six-1.12.0-py2.py3-none-any.whl
Processing /home/ornela/.cache/pip/wheels/68/b0/a2/cc8c7cf94ca3d1088a7d2e27936c1e0da170e05f560973e8dd/visitor-0.1.3-cp36-none-any.whl
Collecting dominate
  Using cached https://files.pythonhosted.org/packages/1d/64/593e829416c951eb35c2246430d59b86f640087e29e71f32632bcde5d0f7/dominate-2.4.0-py2.py3-none-any.whl
Collecting pyparsing>=2.0.2
  Using cached https://files.pythonhosted.org/packages/11/fa/0160cd525c62d7abd076a070ff02b2b94de589f1a9789774f17d7c54058e/pyparsing-2.4.2-py2.py3-none-any.whl
Collecting zipp>=0.5
  Using cached https://files.pythonhosted.org/packages/74/3d/1ee25a26411ba0401b43c6376d2316a71addcc72ef8690b101b4ea56d76a/zipp-0.6.0-py2.py3-none-any.whl
Collecting idna<2.9,>=2.5
  Using cached https://files.pythonhosted.org/packages/14/2c/cd551d81dbe15200be1cf41cd03869a46fe7226e7450af7a6545bfc474c9/idna-2.8-py2.py3-none-any.whl
Collecting certifi>=2017.4.17
  Using cached https://files.pythonhosted.org/packages/18/b0/8146a4f8dd402f60744fa380bc73ca47303cccf8b9190fd16a827281eac2/certifi-2019.9.11-py2.py3-none-any.whl
Collecting chardet<3.1.0,>=3.0.2
  Using cached https://files.pythonhosted.org/packages/bc/a9/01ffebfb562e4274b6487b4bb1ddec7ca55ec7510b22e4c51f14098443b8/chardet-3.0.4-py2.py3-none-any.whl
Collecting urllib3!=1.25.0,!=1.25.1,<1.26,>=1.21.1
  Using cached https://files.pythonhosted.org/packages/e0/da/55f51ea951e1b7c63a579c09dd7db825bb730ec1fe9c0180fc77bfb31448/urllib3-1.25.6-py2.py3-none-any.whl
Collecting MarkupSafe>=0.23
  Using cached https://files.pythonhosted.org/packages/b2/5f/23e0023be6bb885d00ffbefad2942bc51a620328ee910f64abe5a8d18dd1/MarkupSafe-1.1.1-cp36-cp36m-manylinux1_x86_64.whl
Collecting amqp==2.5.1
  Using cached https://files.pythonhosted.org/packages/a1/ef/a62ff9dde89e6b75976a746aa5b828ccb3c839ac6fcdc283edd88d7cf90b/amqp-2.5.1-py2.py3-none-any.whl
Installing collected packages: six, pyparsing, packaging, more-itertools, zipp, importlib-metadata, pluggy, attrs, wcwidth, py, atomicwrites, pytest, coverage, pytest-cov, idna, certifi, chardet, urllib3, requests, docopt, coveralls, click, itsdangerous, MarkupSafe, Jinja2, Werkzeug, flask, flask-login, pytz, vine, amqp, kombu, billiard, celery, redis, WTForms, flask-wtf, SQLAlchemy, flask-sqlalchemy, pip-tools, visitor, dominate, flask-bootstrap
Successfully installed Jinja2-2.10.3 MarkupSafe-1.1.1 SQLAlchemy-1.3.10 WTForms-2.2.1 Werkzeug-0.16.0 amqp-2.5.1 atomicwrites-1.3.0 attrs-19.3.0 billiard-3.6.1.0 celery-4.3.0 certifi-2019.9.11 chardet-3.0.4 click-7.0 coverage-4.5.4 coveralls-1.8.2 docopt-0.6.2 dominate-2.4.0 flask-1.1.1 flask-bootstrap-3.3.7.1 flask-login-0.4.1 flask-sqlalchemy-2.4.1 flask-wtf-0.14.2 idna-2.8 importlib-metadata-0.23 itsdangerous-1.1.0 kombu-4.6.5 more-itertools-7.2.0 packaging-19.2 pip-tools-4.2.0 pluggy-0.13.0 py-1.8.0 pyparsing-2.4.2 pytest-5.2.2 pytest-cov-2.8.1 pytz-2019.3 redis-3.3.11 requests-2.22.0 six-1.12.0 urllib3-1.25.6 vine-1.3.0 visitor-0.1.3 wcwidth-0.1.7 zipp-0.6.0
